<?xml version="1.0" encoding="utf-8"?><testsuites name="pytest tests"><testsuite name="pytest" errors="0" failures="0" skipped="0" tests="12" time="2.492" timestamp="2026-05-02T08:35:15.119169+00:00" hostname="agent-env-a6515509-35a6-4f59-895f-073a113ea69d"><testcase classname="backend.tests.backend_test.TestHealthcare" name="test_conditions_returns_8_items" time="0.421" /><testcase classname="backend.tests.backend_test.TestHealthcare" name="test_recipes_heart_disease_min_6" time="0.062" /><testcase classname="backend.tests.backend_test.TestHealthcare" name="test_recipes_diabetes_breakfast_only" time="0.053" /><testcase classname="backend.tests.backend_test.TestHealthcare" name="test_recipes_pcos_quick_15min" time="0.066" /><testcase classname="backend.tests.backend_test.TestHealthcare" name="test_recipes_immunity_search_tea" time="0.063" /><testcase classname="backend.tests.backend_test.TestHealthcare" name="test_swaps_diabetes" time="0.063" /><testcase classname="backend.tests.backend_test.TestHealthcare" name="test_swaps_no_condition_returns_all" time="0.079" /><testcase classname="backend.tests.backend_test.TestHealthcare" name="test_streak_requires_auth" time="0.053" /><testcase classname="backend.tests.backend_test.TestHealthcare" name="test_streak_authenticated" time="0.439" /><testcase classname="backend.tests.backend_test.TestHealthcare" name="test_streak_after_log_meal" time="0.469" /><testcase classname="backend.tests.backend_test.TestHealthcare" name="test_extra_recipes_present" time="0.054" /><testcase classname="backend.tests.backend_test.TestHealthcare" name="test_immunity_has_lemon_ginger_tea" time="0.050" /></testsuite></testsuites>