<?xml version="1.0" encoding="utf-8"?><testsuites name="pytest tests"><testsuite name="pytest" errors="0" failures="1" skipped="0" tests="40" time="78.301" timestamp="2026-05-02T08:37:40.921751+00:00" hostname="agent-env-a6515509-35a6-4f59-895f-073a113ea69d"><testcase classname="backend.tests.backend_test.TestAuth" name="test_register_returns_token_and_user" time="0.518" /><testcase classname="backend.tests.backend_test.TestAuth" name="test_register_duplicate_email_400" time="0.391" /><testcase classname="backend.tests.backend_test.TestAuth" name="test_login_valid" time="0.331" /><testcase classname="backend.tests.backend_test.TestAuth" name="test_login_invalid_401" time="0.332" /><testcase classname="backend.tests.backend_test.TestAuth" name="test_me_with_token" time="0.048" /><testcase classname="backend.tests.backend_test.TestAuth" name="test_me_without_token_401" time="0.049" /><testcase classname="backend.tests.backend_test.TestUserActions" name="test_profile_update_and_persist" time="0.102" /><testcase classname="backend.tests.backend_test.TestUserActions" name="test_upgrade_premium" time="0.383" /><testcase classname="backend.tests.backend_test.TestUserActions" name="test_save_recipe_toggle" time="0.106" /><testcase classname="backend.tests.backend_test.TestRecipes" name="test_list_31_recipes" time="0.072"><failure message="AssertionError: assert 38 == 31&#10; +  where 38 = len([{'avoid': ['white rice', 'refined sugar', 'deep fried papad'], 'category': 'healthcare', 'conditions': ['diabetes', 'heart-disease', 'hypertension'], 'cook_time': 30, ...}, {'avoid': ['fried fish', 'heavy cream sauces'], 'category': 'healthcare', 'conditions': ['heart-disease', 'post-surgery', 'thyroid'], 'cook_time': 25, ...}, {'avoid': ['tomato', 'spinach', 'high-sodium dressings'], 'category': 'healthcare', 'conditions': ['kidney-disease', 'hypertension', 'obesity'], 'cook_time': 20, ...}, {'avoid': ['sugar-sweetened yogurt'], 'category': 'healthcare', 'conditions': ['pcos', 'diabetes', 'obesity'], 'cook_time': 5, ...}, {'avoid': ['spicy food', 'tough meats'], 'category': 'healthcare', 'conditions': ['elderly-nutrition', 'post-surgery'], 'cook_time': 35, ...}, {'category': 'fitness', 'cook_time': 25, 'country': 'USA', 'cuisine': 'American', ...}, ...])">E   AssertionError: assert 38 == 31
     +  where 38 = len([{'avoid': ['white rice', 'refined sugar', 'deep fried papad'], 'category': 'healthcare', 'conditions': ['diabetes', 'heart-disease', 'hypertension'], 'cook_time': 30, ...}, {'avoid': ['fried fish', 'heavy cream sauces'], 'category': 'healthcare', 'conditions': ['heart-disease', 'post-surgery', 'thyroid'], 'cook_time': 25, ...}, {'avoid': ['tomato', 'spinach', 'high-sodium dressings'], 'category': 'healthcare', 'conditions': ['kidney-disease', 'hypertension', 'obesity'], 'cook_time': 20, ...}, {'avoid': ['sugar-sweetened yogurt'], 'category': 'healthcare', 'conditions': ['pcos', 'diabetes', 'obesity'], 'cook_time': 5, ...}, {'avoid': ['spicy food', 'tough meats'], 'category': 'healthcare', 'conditions': ['elderly-nutrition', 'post-surgery'], 'cook_time': 35, ...}, {'category': 'fitness', 'cook_time': 25, 'country': 'USA', 'cuisine': 'American', ...}, ...])</failure></testcase><testcase classname="backend.tests.backend_test.TestRecipes" name="test_filter_country_india" time="0.047" /><testcase classname="backend.tests.backend_test.TestRecipes" name="test_filter_region_south_india" time="0.048" /><testcase classname="backend.tests.backend_test.TestRecipes" name="test_filter_tier_premium" time="0.063" /><testcase classname="backend.tests.backend_test.TestRecipes" name="test_filter_tag_dessert" time="0.046" /><testcase classname="backend.tests.backend_test.TestRecipes" name="test_search_idli" time="0.046" /><testcase classname="backend.tests.backend_test.TestRecipes" name="test_countries_list" time="0.048" /><testcase classname="backend.tests.backend_test.TestRecipes" name="test_regions_for_india" time="0.046" /><testcase classname="backend.tests.backend_test.TestRecipes" name="test_recipe_detail_has_ingredient_images_and_video" time="0.047" /><testcase classname="backend.tests.backend_test.TestRecipes" name="test_recipe_404" time="0.047" /><testcase classname="backend.tests.backend_test.TestTDEE" name="test_male_28_75kg_178cm_active_muscle_gain" time="0.050" /><testcase classname="backend.tests.backend_test.TestNutrition" name="test_log_today_week_delete" time="0.223" /><testcase classname="backend.tests.backend_test.TestMealPlan" name="test_get_post" time="0.114" /><testcase classname="backend.tests.backend_test.TestAIPlan" name="test_free_preview_no_weekly" time="31.870" /><testcase classname="backend.tests.backend_test.TestAIPlan" name="test_premium_full_plan" time="36.396" /><testcase classname="backend.tests.backend_test.TestCoach" name="test_free_403" time="0.049" /><testcase classname="backend.tests.backend_test.TestCoach" name="test_premium_replies" time="5.430" /><testcase classname="backend.tests.backend_test.TestLifestyle" name="test_free_403" time="0.048" /><testcase classname="backend.tests.backend_test.TestLifestyle" name="test_premium_log_and_today" time="0.097" /><testcase classname="backend.tests.backend_test.TestHealthcare" name="test_conditions_returns_8_items" time="0.049" /><testcase classname="backend.tests.backend_test.TestHealthcare" name="test_recipes_heart_disease_min_6" time="0.049" /><testcase classname="backend.tests.backend_test.TestHealthcare" name="test_recipes_diabetes_breakfast_only" time="0.049" /><testcase classname="backend.tests.backend_test.TestHealthcare" name="test_recipes_pcos_quick_15min" time="0.046" /><testcase classname="backend.tests.backend_test.TestHealthcare" name="test_recipes_immunity_search_tea" time="0.046" /><testcase classname="backend.tests.backend_test.TestHealthcare" name="test_swaps_diabetes" time="0.045" /><testcase classname="backend.tests.backend_test.TestHealthcare" name="test_swaps_no_condition_returns_all" time="0.046" /><testcase classname="backend.tests.backend_test.TestHealthcare" name="test_streak_requires_auth" time="0.047" /><testcase classname="backend.tests.backend_test.TestHealthcare" name="test_streak_authenticated" time="0.049" /><testcase classname="backend.tests.backend_test.TestHealthcare" name="test_streak_after_log_meal" time="0.423" /><testcase classname="backend.tests.backend_test.TestHealthcare" name="test_extra_recipes_present" time="0.048" /><testcase classname="backend.tests.backend_test.TestHealthcare" name="test_immunity_has_lemon_ginger_tea" time="0.046" /></testsuite></testsuites>