<?xml version="1.0" encoding="utf-8"?><testsuites name="pytest tests"><testsuite name="pytest" errors="0" failures="0" skipped="0" tests="28" time="71.649" timestamp="2026-05-02T07:54:33.989283+00:00" hostname="agent-env-a6515509-35a6-4f59-895f-073a113ea69d"><testcase classname="backend.tests.backend_test.TestAuth" name="test_register_returns_token_and_user" time="0.538" /><testcase classname="backend.tests.backend_test.TestAuth" name="test_register_duplicate_email_400" time="0.431" /><testcase classname="backend.tests.backend_test.TestAuth" name="test_login_valid" time="0.378" /><testcase classname="backend.tests.backend_test.TestAuth" name="test_login_invalid_401" time="0.358" /><testcase classname="backend.tests.backend_test.TestAuth" name="test_me_with_token" time="0.047" /><testcase classname="backend.tests.backend_test.TestAuth" name="test_me_without_token_401" time="0.043" /><testcase classname="backend.tests.backend_test.TestUserActions" name="test_profile_update_and_persist" time="0.100" /><testcase classname="backend.tests.backend_test.TestUserActions" name="test_upgrade_premium" time="0.420" /><testcase classname="backend.tests.backend_test.TestUserActions" name="test_save_recipe_toggle" time="0.097" /><testcase classname="backend.tests.backend_test.TestRecipes" name="test_list_31_recipes" time="0.059" /><testcase classname="backend.tests.backend_test.TestRecipes" name="test_filter_country_india" time="0.047" /><testcase classname="backend.tests.backend_test.TestRecipes" name="test_filter_region_south_india" time="0.044" /><testcase classname="backend.tests.backend_test.TestRecipes" name="test_filter_tier_premium" time="0.045" /><testcase classname="backend.tests.backend_test.TestRecipes" name="test_filter_tag_dessert" time="0.053" /><testcase classname="backend.tests.backend_test.TestRecipes" name="test_search_idli" time="0.046" /><testcase classname="backend.tests.backend_test.TestRecipes" name="test_countries_list" time="0.045" /><testcase classname="backend.tests.backend_test.TestRecipes" name="test_regions_for_india" time="0.045" /><testcase classname="backend.tests.backend_test.TestRecipes" name="test_recipe_detail_has_ingredient_images_and_video" time="0.057" /><testcase classname="backend.tests.backend_test.TestRecipes" name="test_recipe_404" time="0.046" /><testcase classname="backend.tests.backend_test.TestTDEE" name="test_male_28_75kg_178cm_active_muscle_gain" time="0.049" /><testcase classname="backend.tests.backend_test.TestNutrition" name="test_log_today_week_delete" time="0.218" /><testcase classname="backend.tests.backend_test.TestMealPlan" name="test_get_post" time="0.106" /><testcase classname="backend.tests.backend_test.TestAIPlan" name="test_free_preview_no_weekly" time="30.089" /><testcase classname="backend.tests.backend_test.TestAIPlan" name="test_premium_full_plan" time="31.498" /><testcase classname="backend.tests.backend_test.TestCoach" name="test_free_403" time="0.046" /><testcase classname="backend.tests.backend_test.TestCoach" name="test_premium_replies" time="6.255" /><testcase classname="backend.tests.backend_test.TestLifestyle" name="test_free_403" time="0.050" /><testcase classname="backend.tests.backend_test.TestLifestyle" name="test_premium_log_and_today" time="0.154" /></testsuite></testsuites>